Using pre-set license
Built from '2020.3/release' branch; Version is '2020.3.12f1 (b3b2c6512326) revision 11776710'; Using compiler version '192528614'; Build Type 'Release'
OS: 'Windows 10 Home; OS build 19041.1052; Version 2004; 64bit' Language: 'en' Physical Memory: 16267 MB
BatchMode: 1, IsHumanControllingUs: 0, StartBugReporterOnCrash: 0, Is64bit: 1, IsPro: 0

 COMMAND LINE ARGUMENTS:
C:\Program Files\Unity\Hub\Editor\2020.3.12f1\Editor\Unity.exe
-adb2
-batchMode
-noUpm
-name
AssetImportWorker1
-projectPath
D:/XreaUnityArUrp
-logFile
Logs/AssetImportWorker1.log
-srvPort
50240
Successfully changed project path to: D:/XreaUnityArUrp
D:/XreaUnityArUrp
Using Asset Import Pipeline V2.
Refreshing native plugins compatible for Editor in 73.26 ms, found 2 plugins.
Preloading 0 native plugins for Editor in 0.00 ms.
Initialize engine version: 2020.3.12f1 (b3b2c6512326)
[Subsystems] Discovering subsystems at path C:/Program Files/Unity/Hub/Editor/2020.3.12f1/Editor/Data/Resources/UnitySubsystems
[Subsystems] Discovering subsystems at path D:/XreaUnityArUrp/Assets
GfxDevice: creating device client; threaded=0
Direct3D:
    Version:  Direct3D 11.0 [level 11.1]
    Renderer: NVIDIA GeForce GTX 1060 (ID=0x1c20)
    Vendor:   
    VRAM:     6052 MB
    Driver:   27.21.14.5148
Shader 'Universal Render Pipeline/Particles/Lit': fallback shader 'Universal Render Pipeline/Particles/SimpleLit' not found
Initialize mono
Mono path[0] = 'C:/Program Files/Unity/Hub/Editor/2020.3.12f1/Editor/Data/Managed'
Mono path[1] = 'C:/Program Files/Unity/Hub/Editor/2020.3.12f1/Editor/Data/MonoBleedingEdge/lib/mono/unityjit'
Mono config path = 'C:/Program Files/Unity/Hub/Editor/2020.3.12f1/Editor/Data/MonoBleedingEdge/etc'
Using monoOptions --debugger-agent=transport=dt_socket,embedding=1,server=y,suspend=n,address=127.0.0.1:56520
Begin MonoManager ReloadAssembly
Registering precompiled unity dll's ...
Register platform support module: C:/Program Files/Unity/Hub/Editor/2020.3.12f1/Editor/Data/PlaybackEngines/WindowsStandaloneSupport/UnityEditor.WindowsStandalone.Extensions.dll
Registered in 0.003467 seconds.
Native extension for WindowsStandalone target not found
Refreshing native plugins compatible for Editor in 65.31 ms, found 2 plugins.
Preloading 0 native plugins for Editor in 0.00 ms.
Mono: successfully reloaded assembly
- Completed reload, in  2.983 seconds
Platform modules already initialized, skipping
Registering precompiled user dll's ...
Registered in 0.005954 seconds.
Begin MonoManager ReloadAssembly
Native extension for WindowsStandalone target not found
Refreshing native plugins compatible for Editor in 67.37 ms, found 2 plugins.
Preloading 0 native plugins for Editor in 0.00 ms.
Mono: successfully reloaded assembly
- Completed reload, in  5.088 seconds
Platform modules already initialized, skipping
========================================================================
Worker process is ready to serve import requests
Shader 'Universal Render Pipeline/Particles/Lit': fallback shader 'Universal Render Pipeline/Particles/SimpleLit' not found
Launched and connected shader compiler UnityShaderCompiler.exe after 0.13 seconds
Refreshing native plugins compatible for Editor in 0.85 ms, found 2 plugins.
Preloading 0 native plugins for Editor in 0.00 ms.
Unloading 3052 Unused Serialized files (Serialized files now loaded: 0)
System memory in use before: 239.5 MB.
System memory in use after: 239.7 MB.

Unloading 22 unused Assets to reduce memory usage. Loaded Objects now: 3496.
Total: 3.963700 ms (FindLiveObjects: 0.377400 ms CreateObjectMapping: 0.353900 ms MarkObjects: 3.070900 ms  DeleteObjects: 0.159700 ms)

AssetImportParameters requested are different than current active one (requested -> active):
  custom:framework-win-MediaFoundation: 216162199b28c13a410421893ffa2e32 -> 
  custom:video-decoder-ogg-theora: a1e56fd34408186e4bbccfd4996cb3dc -> 
  custom:container-muxer-webm: aa71ff27fc2769a1b78a27578f13a17b -> 
  custom:container-demuxer-webm: 4f35f7cbe854078d1ac9338744f61a02 -> 
  custom:container-demuxer-ogg: 62fdf1f143b41e24485cea50d1cbac27 -> 
  custom:video-encoder-webm-vp8: eb34c28f22e8b96e1ab97ce403110664 -> 
  custom:video-codec-MediaFoundation-h265: 746d11721c4dcdbdad8f713fa42b33f4 -> 
  custom:video-decoder-webm-vp8: 9c59270c3fd7afecdb556c50c9e8de78 -> 
  custom:audio-decoder-ogg-vorbis: bf7c407c2cedff20999df2af8eb42d56 -> 
  custom:audio-encoder-webm-vorbis: bf7c407c2cedff20999df2af8eb42d56 -> 
========================================================================
Received Import Request.
  path: Assets/AnimatedBook/URP
  artifactKey: Guid(43d99c8c587010c46a9c7be10f8cf33e) Importer(815301076,1909f56bfc062723c751e8b465ee728b)
Start importing Assets/AnimatedBook/URP using Guid(43d99c8c587010c46a9c7be10f8cf33e) Importer(815301076,1909f56bfc062723c751e8b465ee728b)  -> (artifact id: '6c7487b0ed9f8af7e825795f5efb422d') in 0.014875 seconds 
  Import took 0.021507 seconds .

========================================================================
Received Import Request.
  Time since last request: 14.999245 seconds.
  path: Assets/AnimatedBook/Documentation/pageAtlas.psd
  artifactKey: Guid(00c2859ce2b6ffc4e9e7b2f8b240c2d2) Importer(815301076,1909f56bfc062723c751e8b465ee728b)
Start importing Assets/AnimatedBook/Documentation/pageAtlas.psd using Guid(00c2859ce2b6ffc4e9e7b2f8b240c2d2) Importer(815301076,1909f56bfc062723c751e8b465ee728b)  -> (artifact id: '56a5c6f7cfeb65e90f358e28e7c04a41') in 0.348064 seconds 
  Import took 0.353831 seconds .

========================================================================
Received Import Request.
  Time since last request: 0.000440 seconds.
  path: Assets/AnimatedBook/Documentation/uvlayout.psd
  artifactKey: Guid(4ea8fe038320a064f8fa327e17aae273) Importer(815301076,1909f56bfc062723c751e8b465ee728b)
Start importing Assets/AnimatedBook/Documentation/uvlayout.psd using Guid(4ea8fe038320a064f8fa327e17aae273) Importer(815301076,1909f56bfc062723c751e8b465ee728b)  -> (artifact id: '509424db52a700acbe0d9d2b65913f38') in 0.054785 seconds 
  Import took 0.060542 seconds .

========================================================================
Received Import Request.
  Time since last request: 1.793106 seconds.
  path: Assets/AnimatedBook/Models/Materials
  artifactKey: Guid(08a72664f7b33384482a5a2b5b17af94) Importer(815301076,1909f56bfc062723c751e8b465ee728b)
Start importing Assets/AnimatedBook/Models/Materials using Guid(08a72664f7b33384482a5a2b5b17af94) Importer(815301076,1909f56bfc062723c751e8b465ee728b)  -> (artifact id: 'cdea2bc01fe0dc188169b918fe03210a') in 0.011888 seconds 
  Import took 0.018170 seconds .

========================================================================
Received Import Request.
  Time since last request: 21.585449 seconds.
  path: Assets/AnimatedBook/URP/Scenes/Assets
  artifactKey: Guid(282d6d6f514498d4da5abcba58354590) Importer(815301076,1909f56bfc062723c751e8b465ee728b)
Start importing Assets/AnimatedBook/URP/Scenes/Assets using Guid(282d6d6f514498d4da5abcba58354590) Importer(815301076,1909f56bfc062723c751e8b465ee728b)  -> (artifact id: '5d8bc6e69b5a12def3cdaff07a2096c7') in 0.007170 seconds 
  Import took 0.014073 seconds .

========================================================================
Received Import Request.
  Time since last request: 1.867962 seconds.
  path: Assets/AnimatedBook/URP/Scenes/Assets/Materials
  artifactKey: Guid(abef057d4e3cd454792ddc2927898c6e) Importer(815301076,1909f56bfc062723c751e8b465ee728b)
Start importing Assets/AnimatedBook/URP/Scenes/Assets/Materials using Guid(abef057d4e3cd454792ddc2927898c6e) Importer(815301076,1909f56bfc062723c751e8b465ee728b)  -> (artifact id: 'a2cba222b77ac6feeac6e03dcf163614') in 0.003784 seconds 
  Import took 0.051315 seconds .

========================================================================
Received Import Request.
  Time since last request: 2.858319 seconds.
  path: Assets/AnimatedBook/URP/Scenes/Assets/Anim
  artifactKey: Guid(a0821dedba1e8d54fbe0d1b7f0ce364d) Importer(815301076,1909f56bfc062723c751e8b465ee728b)
Start importing Assets/AnimatedBook/URP/Scenes/Assets/Anim using Guid(a0821dedba1e8d54fbe0d1b7f0ce364d) Importer(815301076,1909f56bfc062723c751e8b465ee728b)  -> (artifact id: '64fa846e2234b0f1b826ce4f9620c67e') in 0.009389 seconds 
  Import took 0.015928 seconds .

========================================================================
Received Import Request.
  Time since last request: 231.739290 seconds.
  path: Assets/Prefabs/Book_Audio.prefab
  artifactKey: Guid(63ea1b31726016c438183ea734055a90) Importer(815301076,1909f56bfc062723c751e8b465ee728b)
Start importing Assets/Prefabs/Book_Audio.prefab using Guid(63ea1b31726016c438183ea734055a90) Importer(815301076,1909f56bfc062723c751e8b465ee728b)  -> (artifact id: 'ff4857ee7e66b5d3e257e427c3fa9265') in 0.444745 seconds 
  Import took 0.451573 seconds .

========================================================================
Received Prepare
Shader 'Universal Render Pipeline/Particles/Lit': fallback shader 'Universal Render Pipeline/Particles/SimpleLit' not found
Refreshing native plugins compatible for Editor in 3.36 ms, found 2 plugins.
Preloading 0 native plugins for Editor in 0.00 ms.
Unloading 14 Unused Serialized files (Serialized files now loaded: 0)
System memory in use before: 191.7 MB.
System memory in use after: 191.9 MB.

Unloading 13 unused Assets to reduce memory usage. Loaded Objects now: 3571.
Total: 4.937500 ms (FindLiveObjects: 0.431700 ms CreateObjectMapping: 0.289700 ms MarkObjects: 4.076700 ms  DeleteObjects: 0.138300 ms)

AssetImportParameters requested are different than current active one (requested -> active):
  custom:framework-win-MediaFoundation: 216162199b28c13a410421893ffa2e32 -> 
  custom:video-decoder-ogg-theora: a1e56fd34408186e4bbccfd4996cb3dc -> 
  custom:container-muxer-webm: aa71ff27fc2769a1b78a27578f13a17b -> 
  custom:container-demuxer-webm: 4f35f7cbe854078d1ac9338744f61a02 -> 
  custom:container-demuxer-ogg: 62fdf1f143b41e24485cea50d1cbac27 -> 
  custom:video-encoder-webm-vp8: eb34c28f22e8b96e1ab97ce403110664 -> 
  custom:video-codec-MediaFoundation-h265: 746d11721c4dcdbdad8f713fa42b33f4 -> 
  custom:video-decoder-webm-vp8: 9c59270c3fd7afecdb556c50c9e8de78 -> 
  custom:audio-decoder-ogg-vorbis: bf7c407c2cedff20999df2af8eb42d56 -> 
  custom:audio-encoder-webm-vorbis: bf7c407c2cedff20999df2af8eb42d56 -> 
========================================================================
Received Import Request.
  Time since last request: 919.620092 seconds.
  path: Assets/AnimGreenLight.anim
  artifactKey: Guid(74bd10dfb5358ef4ab66a9d1f1044155) Importer(815301076,1909f56bfc062723c751e8b465ee728b)
Start importing Assets/AnimGreenLight.anim using Guid(74bd10dfb5358ef4ab66a9d1f1044155) Importer(815301076,1909f56bfc062723c751e8b465ee728b)  -> (artifact id: '9b52b23f4a4d6804af36d080820612f3') in 0.035379 seconds 
  Import took 0.043810 seconds .

========================================================================
Received Import Request.
  Time since last request: 0.017272 seconds.
  path: Assets/AnimGreenLight.anim
  artifactKey: Guid(74bd10dfb5358ef4ab66a9d1f1044155) Importer(815301076,1909f56bfc062723c751e8b465ee728b)
Start importing Assets/AnimGreenLight.anim using Guid(74bd10dfb5358ef4ab66a9d1f1044155) Importer(815301076,1909f56bfc062723c751e8b465ee728b)  -> (artifact id: '9b52b23f4a4d6804af36d080820612f3') in 0.004519 seconds 
  Import took 0.011427 seconds .

========================================================================
Received Prepare
Registering precompiled user dll's ...
Registered in 0.005430 seconds.
Begin MonoManager ReloadAssembly
Native extension for WindowsStandalone target not found
Refreshing native plugins compatible for Editor in 0.64 ms, found 2 plugins.
Preloading 0 native plugins for Editor in 0.00 ms.
Mono: successfully reloaded assembly
- Completed reload, in  1.447 seconds
Platform modules already initialized, skipping
Switching build target platform(19) subTarget(0) extendedPlatform(0) -> platform(13) subTarget(524288) extendedPlatform(0)
Shader 'Universal Render Pipeline/Particles/Lit': fallback shader 'Universal Render Pipeline/Particles/SimpleLit' not found
Refreshing native plugins compatible for Editor in 0.63 ms, found 2 plugins.
Preloading 0 native plugins for Editor in 0.00 ms.
Unloading 2931 Unused Serialized files (Serialized files now loaded: 0)
System memory in use before: 247.0 MB.
System memory in use after: 247.2 MB.

Unloading 17 unused Assets to reduce memory usage. Loaded Objects now: 3547.
Total: 2.865600 ms (FindLiveObjects: 0.284800 ms CreateObjectMapping: 0.147700 ms MarkObjects: 2.302500 ms  DeleteObjects: 0.129600 ms)

AssetImportParameters requested are different than current active one (requested -> active):
  custom:framework-win-MediaFoundation: 216162199b28c13a410421893ffa2e32 -> 
  custom:video-decoder-ogg-theora: a1e56fd34408186e4bbccfd4996cb3dc -> 
  custom:container-muxer-webm: aa71ff27fc2769a1b78a27578f13a17b -> 
  custom:container-demuxer-webm: 4f35f7cbe854078d1ac9338744f61a02 -> 
  custom:container-demuxer-ogg: 62fdf1f143b41e24485cea50d1cbac27 -> 
  custom:video-encoder-webm-vp8: eb34c28f22e8b96e1ab97ce403110664 -> 
  custom:video-codec-MediaFoundation-h265: 746d11721c4dcdbdad8f713fa42b33f4 -> 
  custom:video-decoder-webm-vp8: 9c59270c3fd7afecdb556c50c9e8de78 -> 
  custom:graphics/normal-map-encoding: 01000000000000000000000000000000 -> 02000000000000000000000000000000
  custom:audio-decoder-ogg-vorbis: bf7c407c2cedff20999df2af8eb42d56 -> 
  custom:audio-encoder-webm-vorbis: bf7c407c2cedff20999df2af8eb42d56 -> 
========================================================================
Received Import Request.
  Time since last request: 101.638771 seconds.
  path: Assets/New Animator Controller.controller
  artifactKey: Guid(52ed56f9bcb00f94793e1d777f25ebb2) Importer(815301076,1909f56bfc062723c751e8b465ee728b)
Start importing Assets/New Animator Controller.controller using Guid(52ed56f9bcb00f94793e1d777f25ebb2) Importer(815301076,1909f56bfc062723c751e8b465ee728b)  -> (artifact id: 'd7ad5bc0443d1fefb8f6049e007d76c8') in 0.034362 seconds 
  Import took 0.040265 seconds .

========================================================================
Received Import Request.
  Time since last request: 30.518666 seconds.
  path: Assets/GreenLightAnimCtrl.controller
  artifactKey: Guid(52ed56f9bcb00f94793e1d777f25ebb2) Importer(815301076,1909f56bfc062723c751e8b465ee728b)
Start importing Assets/GreenLightAnimCtrl.controller using Guid(52ed56f9bcb00f94793e1d777f25ebb2) Importer(815301076,1909f56bfc062723c751e8b465ee728b)  -> (artifact id: '3723d6c5113eb3d6ba5bcc5453549f25') in 0.010217 seconds 
  Import took 0.016184 seconds .

========================================================================
Received Prepare
Registering precompiled user dll's ...
Registered in 0.005646 seconds.
Begin MonoManager ReloadAssembly
Native extension for WindowsStandalone target not found
Refreshing native plugins compatible for Editor in 0.78 ms, found 2 plugins.
Preloading 0 native plugins for Editor in 0.00 ms.
Mono: successfully reloaded assembly
- Completed reload, in  1.429 seconds
Platform modules already initialized, skipping
Switching build target platform(19) subTarget(0) extendedPlatform(0) -> platform(13) subTarget(524288) extendedPlatform(0)
Shader 'Universal Render Pipeline/Particles/Lit': fallback shader 'Universal Render Pipeline/Particles/SimpleLit' not found
Refreshing native plugins compatible for Editor in 0.61 ms, found 2 plugins.
Preloading 0 native plugins for Editor in 0.00 ms.
Unloading 2932 Unused Serialized files (Serialized files now loaded: 0)
System memory in use before: 247.1 MB.
System memory in use after: 247.3 MB.

Unloading 17 unused Assets to reduce memory usage. Loaded Objects now: 3551.
Total: 3.401500 ms (FindLiveObjects: 0.279500 ms CreateObjectMapping: 0.140500 ms MarkObjects: 2.818100 ms  DeleteObjects: 0.162000 ms)

AssetImportParameters requested are different than current active one (requested -> active):
  custom:framework-win-MediaFoundation: 216162199b28c13a410421893ffa2e32 -> 
  custom:video-decoder-ogg-theora: a1e56fd34408186e4bbccfd4996cb3dc -> 
  custom:container-muxer-webm: aa71ff27fc2769a1b78a27578f13a17b -> 
  custom:container-demuxer-webm: 4f35f7cbe854078d1ac9338744f61a02 -> 
  custom:container-demuxer-ogg: 62fdf1f143b41e24485cea50d1cbac27 -> 
  custom:video-encoder-webm-vp8: eb34c28f22e8b96e1ab97ce403110664 -> 
  custom:video-codec-MediaFoundation-h265: 746d11721c4dcdbdad8f713fa42b33f4 -> 
  custom:video-decoder-webm-vp8: 9c59270c3fd7afecdb556c50c9e8de78 -> 
  custom:graphics/normal-map-encoding: 01000000000000000000000000000000 -> 02000000000000000000000000000000
  custom:audio-decoder-ogg-vorbis: bf7c407c2cedff20999df2af8eb42d56 -> 
  custom:audio-encoder-webm-vorbis: bf7c407c2cedff20999df2af8eb42d56 -> 
========================================================================
Received Import Request.
  Time since last request: 159.315941 seconds.
  path: Assets/AnimGreenLight.anim
  artifactKey: Guid(74bd10dfb5358ef4ab66a9d1f1044155) Importer(815301076,1909f56bfc062723c751e8b465ee728b)
Start importing Assets/AnimGreenLight.anim using Guid(74bd10dfb5358ef4ab66a9d1f1044155) Importer(815301076,1909f56bfc062723c751e8b465ee728b)  -> (artifact id: '2c068ef40676e7fab83a7556f037032c') in 0.024054 seconds 
  Import took 0.031921 seconds .

========================================================================
Received Import Request.
  Time since last request: 2.537015 seconds.
  path: Assets/GreenLightAnimCtrl.controller
  artifactKey: Guid(52ed56f9bcb00f94793e1d777f25ebb2) Importer(815301076,1909f56bfc062723c751e8b465ee728b)
Start importing Assets/GreenLightAnimCtrl.controller using Guid(52ed56f9bcb00f94793e1d777f25ebb2) Importer(815301076,1909f56bfc062723c751e8b465ee728b)  -> (artifact id: '39f58bbc8b5e5a3347c8c49fa0fc3f33') in 0.004498 seconds 
  Import took 0.011183 seconds .

========================================================================
Received Prepare
Registering precompiled user dll's ...
Registered in 0.005382 seconds.
Begin MonoManager ReloadAssembly
Native extension for WindowsStandalone target not found
Refreshing native plugins compatible for Editor in 1.04 ms, found 2 plugins.
Preloading 0 native plugins for Editor in 0.00 ms.
Mono: successfully reloaded assembly
- Completed reload, in  1.450 seconds
Platform modules already initialized, skipping
Switching build target platform(19) subTarget(0) extendedPlatform(0) -> platform(13) subTarget(524288) extendedPlatform(0)
Shader 'Universal Render Pipeline/Particles/Lit': fallback shader 'Universal Render Pipeline/Particles/SimpleLit' not found
Refreshing native plugins compatible for Editor in 0.61 ms, found 2 plugins.
Preloading 0 native plugins for Editor in 0.00 ms.
Unloading 2932 Unused Serialized files (Serialized files now loaded: 0)
System memory in use before: 247.2 MB.
System memory in use after: 247.4 MB.

Unloading 17 unused Assets to reduce memory usage. Loaded Objects now: 3555.
Total: 3.590200 ms (FindLiveObjects: 0.352400 ms CreateObjectMapping: 0.151100 ms MarkObjects: 2.958000 ms  DeleteObjects: 0.127900 ms)

AssetImportParameters requested are different than current active one (requested -> active):
  custom:framework-win-MediaFoundation: 216162199b28c13a410421893ffa2e32 -> 
  custom:video-decoder-ogg-theora: a1e56fd34408186e4bbccfd4996cb3dc -> 
  custom:container-muxer-webm: aa71ff27fc2769a1b78a27578f13a17b -> 
  custom:container-demuxer-webm: 4f35f7cbe854078d1ac9338744f61a02 -> 
  custom:container-demuxer-ogg: 62fdf1f143b41e24485cea50d1cbac27 -> 
  custom:video-encoder-webm-vp8: eb34c28f22e8b96e1ab97ce403110664 -> 
  custom:video-codec-MediaFoundation-h265: 746d11721c4dcdbdad8f713fa42b33f4 -> 
  custom:video-decoder-webm-vp8: 9c59270c3fd7afecdb556c50c9e8de78 -> 
  custom:graphics/normal-map-encoding: 01000000000000000000000000000000 -> 02000000000000000000000000000000
  custom:audio-decoder-ogg-vorbis: bf7c407c2cedff20999df2af8eb42d56 -> 
  custom:audio-encoder-webm-vorbis: bf7c407c2cedff20999df2af8eb42d56 -> 
========================================================================
Received Import Request.
  Time since last request: 278.187082 seconds.
  path: Assets/greenLight.controller
  artifactKey: Guid(73dae90a1177fe64eaafc120203b3f82) Importer(815301076,1909f56bfc062723c751e8b465ee728b)
Start importing Assets/greenLight.controller using Guid(73dae90a1177fe64eaafc120203b3f82) Importer(815301076,1909f56bfc062723c751e8b465ee728b)  -> (artifact id: '3134d27f2044529e0dbfeb2b00dd73ce') in 0.028196 seconds 
  Import took 0.035679 seconds .

========================================================================
Received Prepare
Registering precompiled user dll's ...
Registered in 0.006019 seconds.
Begin MonoManager ReloadAssembly
Native extension for WindowsStandalone target not found
Refreshing native plugins compatible for Editor in 1.26 ms, found 2 plugins.
Preloading 0 native plugins for Editor in 0.00 ms.
Mono: successfully reloaded assembly
- Completed reload, in  2.212 seconds
Platform modules already initialized, skipping
Switching build target platform(19) subTarget(0) extendedPlatform(0) -> platform(13) subTarget(524288) extendedPlatform(0)
Shader 'Universal Render Pipeline/Particles/Lit': fallback shader 'Universal Render Pipeline/Particles/SimpleLit' not found
Refreshing native plugins compatible for Editor in 0.94 ms, found 2 plugins.
Preloading 0 native plugins for Editor in 0.00 ms.
Unloading 2932 Unused Serialized files (Serialized files now loaded: 0)
System memory in use before: 247.2 MB.
System memory in use after: 247.4 MB.

Unloading 17 unused Assets to reduce memory usage. Loaded Objects now: 3559.
Total: 5.071500 ms (FindLiveObjects: 0.711400 ms CreateObjectMapping: 0.269000 ms MarkObjects: 3.973400 ms  DeleteObjects: 0.115000 ms)

AssetImportParameters requested are different than current active one (requested -> active):
  custom:framework-win-MediaFoundation: 216162199b28c13a410421893ffa2e32 -> 
  custom:video-decoder-ogg-theora: a1e56fd34408186e4bbccfd4996cb3dc -> 
  custom:container-muxer-webm: aa71ff27fc2769a1b78a27578f13a17b -> 
  custom:container-demuxer-webm: 4f35f7cbe854078d1ac9338744f61a02 -> 
  custom:container-demuxer-ogg: 62fdf1f143b41e24485cea50d1cbac27 -> 
  custom:video-encoder-webm-vp8: eb34c28f22e8b96e1ab97ce403110664 -> 
  custom:video-codec-MediaFoundation-h265: 746d11721c4dcdbdad8f713fa42b33f4 -> 
  custom:video-decoder-webm-vp8: 9c59270c3fd7afecdb556c50c9e8de78 -> 
  custom:graphics/normal-map-encoding: 01000000000000000000000000000000 -> 02000000000000000000000000000000
  custom:audio-decoder-ogg-vorbis: bf7c407c2cedff20999df2af8eb42d56 -> 
  custom:audio-encoder-webm-vorbis: bf7c407c2cedff20999df2af8eb42d56 -> 
========================================================================
Received Import Request.
  Time since last request: 302.943751 seconds.
  path: Assets/AnimGreenLight.anim
  artifactKey: Guid(74bd10dfb5358ef4ab66a9d1f1044155) Importer(815301076,1909f56bfc062723c751e8b465ee728b)
Start importing Assets/AnimGreenLight.anim using Guid(74bd10dfb5358ef4ab66a9d1f1044155) Importer(815301076,1909f56bfc062723c751e8b465ee728b)  -> (artifact id: '6eef92e110ba9cf0d78c3d6f9404f7e9') in 0.024319 seconds 
  Import took 0.033441 seconds .

========================================================================
Received Prepare
Registering precompiled user dll's ...
Registered in 0.010734 seconds.
Begin MonoManager ReloadAssembly
Native extension for WindowsStandalone target not found
Refreshing native plugins compatible for Editor in 0.84 ms, found 2 plugins.
Preloading 0 native plugins for Editor in 0.00 ms.
Mono: successfully reloaded assembly
- Completed reload, in  1.678 seconds
Platform modules already initialized, skipping
Switching build target platform(19) subTarget(0) extendedPlatform(0) -> platform(13) subTarget(524288) extendedPlatform(0)
Shader 'Universal Render Pipeline/Particles/Lit': fallback shader 'Universal Render Pipeline/Particles/SimpleLit' not found
Refreshing native plugins compatible for Editor in 0.64 ms, found 2 plugins.
Preloading 0 native plugins for Editor in 0.00 ms.
Unloading 2932 Unused Serialized files (Serialized files now loaded: 0)
System memory in use before: 247.2 MB.
System memory in use after: 247.4 MB.

Unloading 17 unused Assets to reduce memory usage. Loaded Objects now: 3563.
Total: 4.196000 ms (FindLiveObjects: 0.797600 ms CreateObjectMapping: 0.273800 ms MarkObjects: 3.045100 ms  DeleteObjects: 0.077500 ms)

AssetImportParameters requested are different than current active one (requested -> active):
  custom:framework-win-MediaFoundation: 216162199b28c13a410421893ffa2e32 -> 
  custom:video-decoder-ogg-theora: a1e56fd34408186e4bbccfd4996cb3dc -> 
  custom:container-muxer-webm: aa71ff27fc2769a1b78a27578f13a17b -> 
  custom:container-demuxer-webm: 4f35f7cbe854078d1ac9338744f61a02 -> 
  custom:container-demuxer-ogg: 62fdf1f143b41e24485cea50d1cbac27 -> 
  custom:video-encoder-webm-vp8: eb34c28f22e8b96e1ab97ce403110664 -> 
  custom:video-codec-MediaFoundation-h265: 746d11721c4dcdbdad8f713fa42b33f4 -> 
  custom:video-decoder-webm-vp8: 9c59270c3fd7afecdb556c50c9e8de78 -> 
  custom:graphics/normal-map-encoding: 01000000000000000000000000000000 -> 02000000000000000000000000000000
  custom:audio-decoder-ogg-vorbis: bf7c407c2cedff20999df2af8eb42d56 -> 
  custom:audio-encoder-webm-vorbis: bf7c407c2cedff20999df2af8eb42d56 -> 
AssetImportWorkerClient::OnTransportError - code=2 error=End of file
